Checking rpc/grpc_bridge.cpp ...
1/34 files checked 0% done
Checking rpc/grpc_channel_pool.cpp ...
2/34 files checked 0% done
Checking rpc/load_balancer.cpp ...
3/34 files checked 1% done
Checking rpc/retry_policy.cpp ...
rpc/retry_policy.hpp:14:17: performance: inconclusive: Technically the member function 'RetryPolicy::DecideRetry' can be static (but you may consider moving to unnamed namespace). [functionStatic]
    RetryAction DecideRetry(int status_code, int retry_count, int max_retries);
                ^
rpc/retry_policy.cpp:4:39: note: Technically the member function 'RetryPolicy::DecideRetry' can be static (but you may consider moving to unnamed namespace).
RetryPolicy::RetryAction RetryPolicy::DecideRetry(
                                      ^
rpc/retry_policy.hpp:14:17: note: Technically the member function 'RetryPolicy::DecideRetry' can be static (but you may consider moving to unnamed namespace).
    RetryAction DecideRetry(int status_code, int retry_count, int max_retries);
                ^
rpc/retry_policy.hpp:17:9: performance: inconclusive: Technically the member function 'RetryPolicy::GetBackoffDelayMs' can be static (but you may consider moving to unnamed namespace). [functionStatic]
    int GetBackoffDelayMs(int retry_count);
        ^
rpc/retry_policy.cpp:25:18: note: Technically the member function 'RetryPolicy::GetBackoffDelayMs' can be static (but you may consider moving to unnamed namespace).
int RetryPolicy::GetBackoffDelayMs(int retry_count) {
                 ^
rpc/retry_policy.hpp:17:9: note: Technically the member function 'RetryPolicy::GetBackoffDelayMs' can be static (but you may consider moving to unnamed namespace).
    int GetBackoffDelayMs(int retry_count);
        ^
4/34 files checked 1% done
Checking rpc/rpc_module.cpp ...
5/34 files checked 2% done
Checking rpc/service_discovery.cpp ...
rpc/service_discovery.hpp:37:39: performance: inconclusive: Technically the member function 'ServiceDiscovery::QueryConsul' can be static (but you may consider moving to unnamed namespace). [functionStatic]
    std::vector<rpc::ServiceInstance> QueryConsul(
                                      ^
rpc/service_discovery.cpp:44:53: note: Technically the member function 'ServiceDiscovery::QueryConsul' can be static (but you may consider moving to unnamed namespace).
std::vector<rpc::ServiceInstance> ServiceDiscovery::QueryConsul(
                                                    ^
rpc/service_discovery.hpp:37:39: note: Technically the member function 'ServiceDiscovery::QueryConsul' can be static (but you may consider moving to unnamed namespace).
    std::vector<rpc::ServiceInstance> QueryConsul(
                                      ^
6/34 files checked 2% done
Checking handler/health.cpp ...
7/34 files checked 3% done
Checking handler/loader.cpp ...
8/34 files checked 4% done
Checking handler/metrics.cpp ...
handler/metrics.cpp:86:5: performance: Variable 'alert_rules_' is assigned in constructor body. Consider performing initialization in initialization list. [useInitializationList]
    alert_rules_ = {
    ^
handler/metrics.cpp:172:15: style: Variable 'ws' can be declared as reference to const [constVariableReference]
        auto& ws = ring_[slot].workers[i];
              ^
handler/metrics.cpp:206:19: style: Variable 'slot' can be declared as reference to const [constVariableReference]
            auto& slot = ring_[idx];
                  ^
handler/metrics.cpp:345:15: style: Variable 'slot' can be declared as reference to const [constVariableReference]
        auto& slot = ring_[idx];
              ^
handler/metrics.cpp:398:11: style: Variable 's' can be declared as reference to const [constVariableReference]
    auto& s = ring_[best_slot];
          ^
9/34 files checked 11% done
Checking handler/proxy_handler.cpp ...
handler/proxy_handler.cpp:172:15: style: Consider using std::transform algorithm instead of a raw loop. [useStlAlgorithm]
            c = static_cast<char>(std::tolower(static_cast<unsigned char>(c)));
              ^
10/34 files checked 14% done
Checking handler/reloader.cpp ...
handler/reloader.cpp:131:24: style: Variable 'dir' can be declared as reference to const [constVariableReference]
            for (auto& dir : watch_dirs_) {
                       ^
11/34 files checked 17% done
Checking handler/request_handler.cpp ...
handler/request_handler.hpp:76:17: performance: inconclusive: Technically the member function 'StaticFileHandler::NormalizePath' can be static (but you may consider moving to unnamed namespace). [functionStatic]
    std::string NormalizePath(std::string_view raw) const;
                ^
handler/request_handler.cpp:327:32: note: Technically the member function 'StaticFileHandler::NormalizePath' can be static (but you may consider moving to unnamed namespace).
std::string StaticFileHandler::NormalizePath(std::string_view raw) const
                               ^
handler/request_handler.hpp:76:17: note: Technically the member function 'StaticFileHandler::NormalizePath' can be static (but you may consider moving to unnamed namespace).
    std::string NormalizePath(std::string_view raw) const;
                ^
12/34 files checked 23% done
Checking handler/reverse_proxy.cpp ...
handler/reverse_proxy.cpp:104:45: warning: Either the condition '!upstream' is redundant or there is possible null pointer dereference: upstream. [nullPointerRedundantCheck]
    auto resp = co_await Forward(ctx, exec, upstream->host, upstream->port);
                                            ^
handler/reverse_proxy.cpp:96:9: note: Assuming that condition '!upstream' is not redundant
    if (!upstream) {
        ^
handler/reverse_proxy.cpp:104:45: note: Null pointer dereference
    auto resp = co_await Forward(ctx, exec, upstream->host, upstream->port);
                                            ^
handler/reverse_proxy.cpp:122:50: warning: Either the condition '!region' is redundant or there is possible null pointer dereference: region. [nullPointerRedundantCheck]
    if (!region) co_return Response::Error(502, *region);
                                                 ^
handler/reverse_proxy.cpp:122:9: note: Assuming that condition '!region' is not redundant
    if (!region) co_return Response::Error(502, *region);
        ^
handler/reverse_proxy.cpp:122:50: note: Null pointer dereference
    if (!region) co_return Response::Error(502, *region);
                                                 ^
handler/reverse_proxy.cpp:243:10: warning: Either the condition 'sock' is redundant or there is possible null pointer dereference: sock. [nullPointerRedundantCheck]
        *sock, streambuf, "\r\n", asio::as_tuple(asio::use_awaitable));
         ^
handler/reverse_proxy.cpp:220:17: note: Assuming that condition 'sock' is not redundant
            if (sock) {
                ^
handler/reverse_proxy.cpp:243:10: note: Null pointer dereference
        *sock, streambuf, "\r\n", asio::as_tuple(asio::use_awaitable));
         ^
handler/reverse_proxy.cpp:76:17: style: Consider using std::transform algorithm instead of a raw loop. [useStlAlgorithm]
        servers.push_back({a.host, a.port});
                ^
handler/reverse_proxy.cpp:298:19: style: Consider using std::transform algorithm instead of a raw loop. [useStlAlgorithm]
                c = static_cast<char>(std::tolower(static_cast<unsigned char>(c)));
                  ^
handler/reverse_proxy.cpp:305:40: style: Consider using std::any_of, std::all_of, std::none_of algorithm instead of a raw loop. [useStlAlgorithm]
                        content_length = content_length * 10 + size_t(c - '0');
                                       ^
handler/reverse_proxy.cpp:313:23: style: Consider using std::transform algorithm instead of a raw loop. [useStlAlgorithm]
                    c = static_cast<char>(std::tolower(static_cast<unsigned char>(c)));
                      ^
handler/reverse_proxy.cpp:378:19: style: Consider using std::transform algorithm instead of a raw loop. [useStlAlgorithm]
                c = static_cast<char>(std::tolower(static_cast<unsigned char>(c)));
                  ^
13/34 files checked 31% done
Checking handler/router.cpp ...
handler/router.cpp:56:12: error: Returning pointer to local variable 'child' that will be invalid when returning. [returnDanglingLifetime]
    return raw;
           ^
handler/router.cpp:53:26: note: Raw pointer to smart pointer created here.
    auto* raw = child.get();
                         ^
handler/router.cpp:51:66: note: Variable created here.
Router::Node* Router::Node::AddStaticChild(std::unique_ptr<Node> child, char childFirstByte)
                                                                 ^
handler/router.cpp:56:12: note: Returning pointer to local variable 'child' that will be invalid when returning.
    return raw;
           ^
handler/router.cpp:62:5: error: Non-local variable 'paramChild' will use pointer to local variable 'child'. [danglingLifetime]
    paramChild = raw;
    ^
handler/router.cpp:61:26: note: Raw pointer to smart pointer created here.
    auto* raw = child.get();
                         ^
handler/router.cpp:59:65: note: Variable created here.
Router::Node* Router::Node::AddParamChild(std::unique_ptr<Node> child)
                                                                ^
handler/router.cpp:62:5: note: Non-local variable 'paramChild' will use pointer to local variable 'child'.
    paramChild = raw;
    ^
handler/router.cpp:64:12: error: Returning pointer to local variable 'child' that will be invalid when returning. [returnDanglingLifetime]
    return raw;
           ^
handler/router.cpp:61:26: note: Raw pointer to smart pointer created here.
    auto* raw = child.get();
                         ^
handler/router.cpp:59:65: note: Variable created here.
Router::Node* Router::Node::AddParamChild(std::unique_ptr<Node> child)
                                                                ^
handler/router.cpp:64:12: note: Returning pointer to local variable 'child' that will be invalid when returning.
    return raw;
           ^
handler/router.cpp:70:5: error: Non-local variable 'catchAllChild' will use pointer to local variable 'child'. [danglingLifetime]
    catchAllChild = raw;
    ^
handler/router.cpp:69:26: note: Raw pointer to smart pointer created here.
    auto* raw = child.get();
                         ^
handler/router.cpp:67:68: note: Variable created here.
Router::Node* Router::Node::AddCatchAllChild(std::unique_ptr<Node> child)
                                                                   ^
handler/router.cpp:70:5: note: Non-local variable 'catchAllChild' will use pointer to local variable 'child'.
    catchAllChild = raw;
    ^
handler/router.cpp:72:12: error: Returning pointer to local variable 'child' that will be invalid when returning. [returnDanglingLifetime]
    return raw;
           ^
handler/router.cpp:69:26: note: Raw pointer to smart pointer created here.
    auto* raw = child.get();
                         ^
handler/router.cpp:67:68: note: Variable created here.
Router::Node* Router::Node::AddCatchAllChild(std::unique_ptr<Node> child)
                                                                   ^
handler/router.cpp:72:12: note: Returning pointer to local variable 'child' that will be invalid when returning.
    return raw;
           ^
handler/router.hpp:160:17: performance: inconclusive: Technically the member function 'Router::Lookup' can be static (but you may consider moving to unnamed namespace). [functionStatic]
    const Node* Lookup(const Node* node, std::string_view path,
                ^
handler/router.cpp:362:29: note: Technically the member function 'Router::Lookup' can be static (but you may consider moving to unnamed namespace).
const Router::Node* Router::Lookup(
                            ^
handler/router.hpp:160:17: note: Technically the member function 'Router::Lookup' can be static (but you may consider moving to unnamed namespace).
    const Node* Lookup(const Node* node, std::string_view path,
                ^
handler/router.cpp:455:9: style: 'continue' is redundant since it is the last statement in a loop. [redundantContinue]
        continue;
        ^
handler/router.cpp:154:35: performance: Function parameter 'method' should be passed by const reference. [passedByValue]
void Router::AddRoute(std::string method, std::string path,
                                  ^
handler/router.cpp:154:55: performance: Function parameter 'path' should be passed by const reference. [passedByValue]
void Router::AddRoute(std::string method, std::string path,
                                                      ^
handler/router.cpp:98:16: style: Variable 'pr' can be declared as reference to const [constVariableReference]
    for (auto& pr : cfg.proxy_routes) {
               ^
14/34 files checked 39% done
Checking handler/upstream_conn_pool.cpp ...
handler/upstream_conn_pool.cpp:14:16: style: Variable 'e' can be declared as reference to const [constVariableReference]
    for (auto& e : entries_) {
               ^
handler/upstream_conn_pool.cpp:65:24: style: Consider using std::any_of, std::all_of, std::none_of algorithm instead of a raw loop. [useStlAlgorithm]
                oldest = it;
                       ^
15/34 files checked 41% done
Checking handler/upstream_pool.cpp ...
handler/upstream_pool.cpp:52:9: style: Consider using std::find_if algorithm instead of a raw loop. [useStlAlgorithm]
        {
        ^
handler/upstream_pool.cpp:74:9: style: Consider using std::find_if algorithm instead of a raw loop. [useStlAlgorithm]
        {
        ^
16/34 files checked 42% done
Checking http/http1.1/parser.cpp ...
http/http1.1/parser.hpp:10:5: warning: Member variable 'H1Parser::line_buf_' is not initialized in the constructor. [uninitMemberVar]
    H1Parser();
    ^
http/http1.1/parser.cpp:44:38: style: Condition 'len>pos' is always true [knownConditionTrueFalse]
                              && len > pos && data[pos] == '\n');
                                     ^
http/http1.1/parser.cpp:30:16: note: Assuming that condition 'pos<len' is not redundant
    while (pos < len)
               ^
http/http1.1/parser.cpp:44:38: note: Condition 'len>pos' is always true
                              && len > pos && data[pos] == '\n');
                                     ^
http/http1.1/parser.hpp:23:15: style: Variable 'r' can be declared as pointer to const [constVariablePointer]
        auto* r = Pool();
              ^
http/http1.1/parser.cpp:221:11: style: Variable 'pool' can be declared as pointer to const [constVariablePointer]
    auto* pool = Pool();
          ^
http/http1.1/parser.cpp:233:11: style: Variable 'r' can be declared as pointer to const [constVariablePointer]
    auto* r = Pool();
          ^
http/http1.1/parser.cpp:239:11: style: Variable 'r' can be declared as pointer to const [constVariablePointer]
    auto* r = Pool();
          ^
http/http1.1/parser.cpp:245:11: style: Variable 'r' can be declared as pointer to const [constVariablePointer]
    auto* r = Pool();
          ^
http/http1.1/parser.cpp:53:25: style: Variable 'pos' is assigned a value that is never used. [unreadVariable]
                    pos += copy;
                        ^
17/34 files checked 45% done
Checking http/http1.1/session.cpp ...
http/http1.1/session.cpp:36:28: style: The scope of the variable 'buf' can be reduced. [variableScope]
    std::array<char, 4096> buf;
                           ^
http/http1.1/session.cpp:197:63: style: inconclusive: Function 'WriteError' argument 1 names different: declaration 'resp' definition 'response'. [funcArgNamesDifferent]
asio::awaitable<void> H11Session<Stream>::WriteError(Response response)
                                                              ^
http/http1.1/session.hpp:34:47: note: Function 'WriteError' argument 1 names different: declaration 'resp' definition 'response'.
    asio::awaitable<void> WriteError(Response resp);
                                              ^
http/http1.1/session.cpp:197:63: note: Function 'WriteError' argument 1 names different: declaration 'resp' definition 'response'.
asio::awaitable<void> H11Session<Stream>::WriteError(Response response)
                                                              ^
http/http1.1/session.cpp:197:63: performance: Function parameter 'response' should be passed by const reference. [passedByValue]
asio::awaitable<void> H11Session<Stream>::WriteError(Response response)
                                                              ^
http/http1.1/session.cpp:214:57: performance: Function parameter 'response' should be passed by const reference. [passedByValue]
asio::awaitable<void> H11Session<Stream>::Send(Response response)
                                                        ^
18/34 files checked 50% done
Checking http/http1.1/session_pool.cpp ...
19/34 files checked 50% done
Checking http/http2/parser/HPACK.cpp ...
http/http2/parser/HPACK.hpp:48:14: performance: inconclusive: Technically the member function 'HpackDecoder::DecodeInteger' can be static (but you may consider moving to unnamed namespace). [functionStatic]
    uint32_t DecodeInteger(const uint8_t*& data, size_t& len, uint8_t prefix_bits);
             ^
http/http2/parser/HPACK.cpp:241:24: note: Technically the member function 'HpackDecoder::DecodeInteger' can be static (but you may consider moving to unnamed namespace).
uint32_t HpackDecoder::DecodeInteger(const uint8_t*& data, size_t& len, uint8_t prefix_bits)
                       ^
http/http2/parser/HPACK.hpp:48:14: note: Technically the member function 'HpackDecoder::DecodeInteger' can be static (but you may consider moving to unnamed namespace).
    uint32_t DecodeInteger(const uint8_t*& data, size_t& len, uint8_t prefix_bits);
             ^
http/http2/parser/HPACK.hpp:51:17: performance: inconclusive: Technically the member function 'HpackDecoder::HuffmanDecode' can be static (but you may consider moving to unnamed namespace). [functionStatic]
    std::string HuffmanDecode(const uint8_t* data, size_t len);
                ^
http/http2/parser/HPACK.cpp:302:27: note: Technically the member function 'HpackDecoder::HuffmanDecode' can be static (but you may consider moving to unnamed namespace).
std::string HpackDecoder::HuffmanDecode(const uint8_t* data, size_t len)
                          ^
http/http2/parser/HPACK.hpp:51:17: note: Technically the member function 'HpackDecoder::HuffmanDecode' can be static (but you may consider moving to unnamed namespace).
    std::string HuffmanDecode(const uint8_t* data, size_t len);
                ^
http/http2/parser/HPACK.hpp:73:10: performance: inconclusive: Technically the member function 'HpackEncoder::EncodeInteger' can be static (but you may consider moving to unnamed namespace). [functionStatic]
    void EncodeInteger(std::vector<uint8_t>& out, uint32_t value, uint8_t prefix_bits);
         ^
http/http2/parser/HPACK.cpp:497:20: note: Technically the member function 'HpackEncoder::EncodeInteger' can be static (but you may consider moving to unnamed namespace).
void HpackEncoder::EncodeInteger(std::vector<uint8_t>& out,
                   ^
http/http2/parser/HPACK.hpp:73:10: note: Technically the member function 'HpackEncoder::EncodeInteger' can be static (but you may consider moving to unnamed namespace).
    void EncodeInteger(std::vector<uint8_t>& out, uint32_t value, uint8_t prefix_bits);
         ^
http/http2/parser/HPACK.hpp:77:9: performance: inconclusive: Technically the member function 'HpackEncoder::LookupStatic' can be static (but you may consider moving to unnamed namespace). [functionStatic]
    int LookupStatic(std::string_view name, std::string_view value) const;
        ^
http/http2/parser/HPACK.cpp:479:19: note: Technically the member function 'HpackEncoder::LookupStatic' can be static (but you may consider moving to unnamed namespace).
int HpackEncoder::LookupStatic(std::string_view name, std::string_view value) const
                  ^
http/http2/parser/HPACK.hpp:77:9: note: Technically the member function 'HpackEncoder::LookupStatic' can be static (but you may consider moving to unnamed namespace).
    int LookupStatic(std::string_view name, std::string_view value) const;
        ^
http/http2/parser/HPACK.hpp:78:9: performance: inconclusive: Technically the member function 'HpackEncoder::LookupStaticNameOnly' can be static (but you may consider moving to unnamed namespace). [functionStatic]
    int LookupStaticNameOnly(std::string_view name) const;
        ^
http/http2/parser/HPACK.cpp:488:19: note: Technically the member function 'HpackEncoder::LookupStaticNameOnly' can be static (but you may consider moving to unnamed namespace).
int HpackEncoder::LookupStaticNameOnly(std::string_view name) const
                  ^
http/http2/parser/HPACK.hpp:78:9: note: Technically the member function 'HpackEncoder::LookupStaticNameOnly' can be static (but you may consider moving to unnamed namespace).
    int LookupStaticNameOnly(std::string_view name) const;
        ^
http/http2/parser/HPACK.cpp:225:15: style: Variable 'last' can be declared as reference to const [constVariableReference]
        auto& last = dynamic_table_.back();
              ^
http/http2/parser/HPACK.cpp:321:19: style: Variable 'entry' can be declared as reference to const [constVariableReference]
            auto& entry = kHuffTable[sym];
                  ^
http/http2/stream_context.hpp:35:15: style: Variable 'r' can be declared as pointer to const [constVariablePointer]
        auto* r = Pool();
              ^
20/34 files checked 59% done
Checking http/http2/parser/flow_control.cpp ...
21/34 files checked 61% done
Checking http/http2/parser/stream_manager.cpp ...
22/34 files checked 63% done
Checking http/http2/session.cpp ...
http/http2/parser/BFL.hpp:206:9: warning: Assignment of function parameter has no effect outside the function. Did you forget dereferencing it? [uselessAssignmentPtrArg]
        dst += 6; ++n;
        ^
http/http2/session.cpp:786:35: style: Variable 'ws_ctx' can be declared as reference to const [constVariableReference]
                            auto& ws_ctx = h2self->streams_.at(stream_id);
                                  ^
http/http2/session.cpp:678:15: style: Consider using std::transform algorithm instead of a raw loop. [useStlAlgorithm]
            c = static_cast<char>(std::tolower(static_cast<unsigned char>(c)));
              ^
23/34 files checked 80% done
Checking http/http2/stream_context.cpp ...
http/http2/stream_context.cpp:56:11: style: Variable 'r' can be declared as pointer to const [constVariablePointer]
    auto* r = Pool();
          ^
http/http2/stream_context.cpp:62:11: style: Variable 'r' can be declared as pointer to const [constVariablePointer]
    auto* r = Pool();
          ^
http/http2/stream_context.cpp:68:11: style: Variable 'r' can be declared as pointer to const [constVariablePointer]
    auto* r = Pool();
          ^
http/http2/stream_context.cpp:74:11: style: Variable 'r' can be declared as pointer to const [constVariablePointer]
    auto* r = Pool();
          ^
24/34 files checked 81% done
Checking http/http2/ws_test.cpp ...
http/http2/ws_test.cpp:41:25: style: C-style pointer casting [cstyleCast]
    std::string_view n((const char*)name, namelen);
                        ^
http/http2/ws_test.cpp:42:25: style: C-style pointer casting [cstyleCast]
    std::string_view v((const char*)value, valuelen);
                        ^
http/http2/ws_test.cpp:61:28: style: C-style pointer casting [cstyleCast]
    ctx->recv_data.append((const char*)data, len);
                           ^
http/http2/ws_test.cpp:86:45: style: C-style pointer casting [cstyleCast]
    SSL_set_alpn_protos(s.native_handle(), (const unsigned char*)"\x02h2", 3);
                                            ^
http/http2/ws_test.cpp:123:23: style: C-style pointer casting [cstyleCast]
        nv.push_back({(uint8_t*)n, (uint8_t*)v,
                      ^
http/http2/ws_test.cpp:160:21: style: C-style pointer casting [cstyleCast]
    dp.source.ptr = (void*)hello;
                    ^
http/http2/ws_test.cpp:164:28: style: C-style pointer casting [cstyleCast]
        const char* msg = (const char*)src->ptr;
                           ^
25/34 files checked 85% done
Checking http/protocol.cpp ...
26/34 files checked 85% done
Checking net/multi_server.cpp ...
net/multi_server.cpp:84:20: style: Variable 'w' can be declared as reference to const [constVariableReference]
        for (auto& w : workers_) {
                   ^
net/multi_server.cpp:95:24: style: Variable 'w' can be declared as reference to const [constVariableReference]
            for (auto& w : workers_)
                       ^
net/multi_server.cpp:101:16: style: Variable 'w' can be declared as reference to const [constVariableReference]
    for (auto& w : workers_) {
               ^
27/34 files checked 88% done
Checking net/region_pool.cpp ...
net/region_pool.cpp:34:31: style: Consider using std::find_if algorithm instead of a raw loop. [useStlAlgorithm]
        if (it->size >= need) {
                              ^
28/34 files checked 89% done
Checking net/response.cpp ...
net/response.cpp:129:5: warning: Either the condition 'region_' is redundant or there is possible null pointer dereference: region_. [nullPointerRedundantCheck]
    region_->WriteCRLF();
    ^
net/response.cpp:116:9: note: Assuming that condition 'region_' is not redundant
    if (region_) {
        ^
net/response.cpp:129:5: note: Null pointer dereference
    region_->WriteCRLF();
    ^
net/response.cpp:130:19: warning: Either the condition 'region_' is redundant or there is possible null pointer dereference: region_. [nullPointerRedundantCheck]
    header_end_ = region_->Used();
                  ^
net/response.cpp:116:9: note: Assuming that condition 'region_' is not redundant
    if (region_) {
        ^
net/response.cpp:130:19: note: Null pointer dereference
    header_end_ = region_->Used();
                  ^
29/34 files checked 92% done
Checking net/server.cpp ...
30/34 files checked 93% done
Checking net/session_region.cpp ...
31/34 files checked 94% done
Checking net/sse_push.cpp ...
net/sse_push.hpp:13:17: performance: inconclusive: Technically the member function 'SsePushState::BuildPayload' can be static (but you may consider moving to unnamed namespace). [functionStatic]
    std::string BuildPayload(MetricsCollector* metrics);
                ^
net/sse_push.cpp:21:27: note: Technically the member function 'SsePushState::BuildPayload' can be static (but you may consider moving to unnamed namespace).
std::string SsePushState::BuildPayload(MetricsCollector* metrics) {
                          ^
net/sse_push.hpp:13:17: note: Technically the member function 'SsePushState::BuildPayload' can be static (but you may consider moving to unnamed namespace).
    std::string BuildPayload(MetricsCollector* metrics);
                ^
net/sse_push.cpp:6:49: style: Parameter 'metrics' can be declared as pointer to const [constParameterPointer]
std::string SseInitialPayload(MetricsCollector* metrics) {
                                                ^
net/sse_push.cpp:21:58: style: Parameter 'metrics' can be declared as pointer to const [constParameterPointer]
std::string SsePushState::BuildPayload(MetricsCollector* metrics) {
                                                         ^
32/34 files checked 95% done
Checking net/ws_frame.cpp ...
33/34 files checked 95% done
Checking middleware/middleware.cpp ...
log/logger.hpp:51:5: style: Class 'LogWriter' has a constructor with 1 argument that is not explicit. [noExplicitConstructor]
    LogWriter(const std::string& filename) : filename_(filename) {}
    ^
log/logger.hpp:114:24: style: Variable 'e' can be declared as reference to const [constVariableReference]
            for (auto& e : c->entries) file_ << e << '\n';
                       ^
middleware/middleware.cpp:32:16: style: Variable 'mw' can be declared as pointer to const [constVariablePointer]
    for (auto* mw : pre_) {
               ^
34/34 files checked 100% done
handler/loader.cpp:14:0: style: The function 'LoadAll' is never used. [unusedFunction]
size_t HandlerLoader::LoadAll(const std::string& dir, Router& router)
^
handler/loader.hpp:34:0: style: The function 'ReleaseHandles' is never used. [unusedFunction]
    void ReleaseHandles() { libs_.clear(); }
^
handler/metrics.cpp:262:0: style: The function 'CurrentTimestamp' is never used. [unusedFunction]
int64_t MetricsCollector::CurrentTimestamp() const
^
handler/metrics.cpp:371:0: style: The function 'LastFlushTimestamp' is never used. [unusedFunction]
int64_t MetricsCollector::LastFlushTimestamp() const
^
handler/metrics.cpp:381:0: style: The function 'RenderLatestSnapshot' is never used. [unusedFunction]
std::string MetricsCollector::RenderLatestSnapshot(int64_t since_ts) const
^
handler/metrics.cpp:435:0: style: The function 'RenderAlertDelta' is never used. [unusedFunction]
std::string MetricsCollector::RenderAlertDelta(
^
handler/metrics.hpp:114:0: style: The function 'SetWorkerCount' is never used. [unusedFunction]
    void SetWorkerCount(int n) { num_workers_ = n; }
^
handler/metrics.hpp:118:0: style: The function 'SetAlertRules' is never used. [unusedFunction]
    void SetAlertRules(std::vector<AlertRule> rules) { alert_rules_ = std::move(rules); }
^
handler/metrics.hpp:119:0: style: The function 'AlertStates' is never used. [unusedFunction]
    const std::vector<AlertState>& AlertStates() const { return alert_states_; }
^
handler/request_handler.hpp:120:0: style: The function 'PushSSE' is never used. [unusedFunction]
    virtual asio::awaitable<bool> PushSSE(std::string_view data) {
^
handler/reverse_proxy.cpp:28:0: style: The function 'DrainStreambuf' is never used. [unusedFunction]
static size_t DrainStreambuf(asio::streambuf& sb, std::string& body_buf,
^
handler/router.cpp:88:0: style: The function 'SetupFromConfig' is never used. [unusedFunction]
void Router::SetupFromConfig(const Config& cfg)
^
handler/router.hpp:56:0: style: The function 'Post' is never used. [unusedFunction]
    void Post  (std::string path, std::unique_ptr<RequestHandler> h) { AddRoute("POST",   std::move(path), std::move(h)); }
^
handler/router.hpp:57:0: style: The function 'Put' is never used. [unusedFunction]
    void Put   (std::string path, std::unique_ptr<RequestHandler> h) { AddRoute("PUT",    std::move(path), std::move(h)); }
^
handler/router.hpp:58:0: style: The function 'Delete' is never used. [unusedFunction]
    void Delete(std::string path, std::unique_ptr<RequestHandler> h) { AddRoute("DELETE", std::move(path), std::move(h)); }
^
handler/router.hpp:59:0: style: The function 'Head' is never used. [unusedFunction]
    void Head  (std::string path, std::unique_ptr<RequestHandler> h) { AddRoute("HEAD",   std::move(path), std::move(h)); }
^
handler/upstream_conn_pool.cpp:77:0: style: The function 'IdleCount' is never used. [unusedFunction]
size_t UpstreamConnPool::IdleCount() const
^
handler/upstream_pool.hpp:48:0: style: The function 'Size' is never used. [unusedFunction]
    size_t Size() const { return servers_.size(); }
^
http/http1.1/parser.hpp:17:0: style: The function 'Version' is never used. [unusedFunction]
    std::string_view Version() const override { return version_; }
^
http/http1.1/session.hpp:61:0: style: The function 'IsDisconnected' is never used. [unusedFunction]
    bool IsDisconnected() const override { return disconnected_; }
^
http/http2/parser/BFL.hpp:127:0: style: The function 'EncodePriority' is never used. [unusedFunction]
inline void EncodePriority(uint8_t* dst, const H2PriorityPayload& p) {
^
http/http2/parser/BFL.hpp:226:0: style: The function 'DecodePushPromise' is never used. [unusedFunction]
inline H2PushPromise DecodePushPromise(const uint8_t* data) {
^
http/http2/parser/BFL.hpp:235:0: style: The function 'EncodePushPromise' is never used. [unusedFunction]
inline void EncodePushPromise(uint8_t* dst, uint32_t promised_id) {
^
http/http2/parser/BFL.hpp:250:0: style: The function 'DecodePing' is never used. [unusedFunction]
inline H2Ping DecodePing(const uint8_t* data) {
^
http/http2/parser/BFL.hpp:269:0: style: The function 'DecodeGoAway' is never used. [unusedFunction]
inline H2GoAway DecodeGoAway(const uint8_t* data) {
^
http/http2/parser/BFL.hpp:303:0: style: The function 'DecodeWindowUpdate' is never used. [unusedFunction]
inline H2WindowUpdate DecodeWindowUpdate(const uint8_t* data) {
^
http/http2/parser/HPACK.cpp:231:0: style: The function 'SetMaxTableSize' is never used. [unusedFunction]
void HpackDecoder::SetMaxTableSize(uint32_t size)
^
http/http2/parser/flow_control.cpp:92:0: style: The function 'Available' is never used. [unusedFunction]
uint32_t H2FlowControl::Available(uint32_t stream_id) const
^
http/http2/parser/stream_manager.cpp:63:0: style: The function 'GetState' is never used. [unusedFunction]
H2StreamState H2StreamManager::GetState(int32_t stream_id) const
^
http/http2/parser/stream_manager.cpp:100:0: style: The function 'CanCreateStream' is never used. [unusedFunction]
bool H2StreamManager::CanCreateStream() const
^
http/http2/parser/stream_manager.hpp:62:0: style: The function 'PendingCount' is never used. [unusedFunction]
    size_t PendingCount() const { return pending_.size(); }
^
http/http2/parser/stream_manager.hpp:67:0: style: The function 'SetMaxConcurrent' is never used. [unusedFunction]
    void  SetMaxConcurrent(uint32_t max) { max_concurrent_ = max; }
^
http/http2/parser/stream_manager.hpp:68:0: style: The function 'MaxConcurrent' is never used. [unusedFunction]
    uint32_t MaxConcurrent() const { return max_concurrent_; }
^
http/http2/parser/stream_manager.hpp:72:0: style: The function 'ActiveCount' is never used. [unusedFunction]
    uint32_t ActiveCount() const { return active_count_; }
^
http/http2/ws_connection.hpp:134:0: style: The function 'IsClosed' is never used. [unusedFunction]
    bool IsClosed() const { return closed_; }
^
log/logger.hpp:193:0: style: The function 'Business' is never used. [unusedFunction]
    void Business(const std::string& module, const std::string& action,
^
log/logger.hpp:201:0: style: The function 'Perf' is never used. [unusedFunction]
    void Perf(uint64_t total_req, uint64_t total_latency_us,
^
middleware/middleware.cpp:53:0: style: The function 'ExecutePost' is never used. [unusedFunction]
asio::awaitable<void> MiddlewareManager::ExecutePost(
^
middleware/middleware.hpp:168:0: style: The function 'SetWorkerId' is never used. [unusedFunction]
    void SetWorkerId(int wid) { worker_id_ = wid; }
^
net/response.cpp:212:0: style: The function 'WebSocketUpgrade' is never used. [unusedFunction]
Response Response::WebSocketUpgrade(SessionRegion& region, std::string accept)
^
net/response.hpp:25:0: style: The function 'WsAccept' is never used. [unusedFunction]
    std::string_view WsAccept() const { return ws_accept_; }
^
net/server_base.hpp:32:0: style: The function 'RequestShutdown' is never used. [unusedFunction]
    void RequestShutdown() { shutdown_ = true; }
^
net/server_base.hpp:33:0: style: The function 'IsShutdown' is never used. [unusedFunction]
    bool IsShutdown() const { return shutdown_.load(); }
^
net/session_region.hpp:16:0: style: The function 'IsValid' is never used. [unusedFunction]
    bool IsValid() const { return len > 0; }
^
net/session_region.hpp:77:0: style: The function 'IsActive' is never used. [unusedFunction]
    bool IsActive() const { return pool_ != nullptr && offset_ != 0; }
^
net/ws_frame.cpp:12:0: style: The function 'ComputeWsAccept' is never used. [unusedFunction]
std::string ComputeWsAccept(std::string_view client_key)
^
net/ws_relay.hpp:22:0: style: The function 'WsRelayDirectional' is never used. [unusedFunction]
asio::awaitable<void> WsRelayDirectional(
^
rpc/grpc_bridge.hpp:19:0: style: The function 'Queue' is never used. [unusedFunction]
    grpc::CompletionQueue& Queue() { return queue_; }
^
rpc/grpc_channel_pool.hpp:21:0: style: The function 'Bridge' is never used. [unusedFunction]
    std::shared_ptr<GrpcBridge> Bridge() const { return bridge_; }
^
rpc/load_balancer.cpp:40:0: style: The function 'RecordConnectionOpen' is never used. [unusedFunction]
void LoadBalancer::RecordConnectionOpen(const std::string& addr) {
^
rpc/load_balancer.cpp:45:0: style: The function 'RecordConnectionClose' is never used. [unusedFunction]
void LoadBalancer::RecordConnectionClose(const std::string& addr) {
^
rpc/load_balancer.cpp:52:0: style: The function 'MarkUnhealthy' is never used. [unusedFunction]
void LoadBalancer::MarkUnhealthy(const std::string& addr, int timeout_sec) {
^
rpc/retry_policy.cpp:4:0: style: The function 'DecideRetry' is never used. [unusedFunction]
RetryPolicy::RetryAction RetryPolicy::DecideRetry(
^
rpc/retry_policy.cpp:25:0: style: The function 'GetBackoffDelayMs' is never used. [unusedFunction]
int RetryPolicy::GetBackoffDelayMs(int retry_count) {
^
rpc/rpc_module.cpp:4:0: style: The function 'Initialize' is never used. [unusedFunction]
bool RpcModule::Initialize(const std::string& consul_addr) {
^
rpc/types.hpp:33:0: style: The function 'ok' is never used. [unusedFunction]
    bool ok() const { return code == RpcErrorCode::SUCCESS; }
^
nofile:0:0: information: Active checkers: 172/592 (use --checkers-report=<filename> to see details) [checkersReport]

